"2024-03-10 21:57:08,483 INFO  [main] com.project.StudentManagementApplication:Starting StudentManagementApplication using Java 17.0.9 on Seval with PID 6488 (C:\Users\seval\IdeaProjects\StudentManagement\target\classes started by seval in C:\Users\seval\IdeaProjects\StudentManagement)
""2024-03-10 21:57:08,486 INFO  [main] com.project.StudentManagementApplication:No active profile set, falling back to 1 default profile: "default"
""2024-03-10 21:57:10,189 INFO  [main] org.springframework.data.repository.config.RepositoryConfigurationDelegate:Bootstrapping Spring Data JPA repositories in DEFAULT mode.
""2024-03-10 21:57:10,354 INFO  [main] org.springframework.data.repository.config.RepositoryConfigurationDelegate:Finished Spring Data repository scanning in 149 ms. Found 8 JPA repository interfaces.
""2024-03-10 21:57:11,457 INFO  [main] org.springframework.boot.web.embedded.tomcat.TomcatWebServer:Tomcat initialized with port(s): 8080 (http)
""2024-03-10 21:57:11,484 INFO  [main] org.apache.catalina.core.StandardService:Starting service [Tomcat]
""2024-03-10 21:57:11,485 INFO  [main] org.apache.catalina.core.StandardEngine:Starting Servlet engine: [Apache Tomcat/9.0.68]
""2024-03-10 21:57:11,785 INFO  [main] org.apache.catalina.core.ContainerBase.[Tomcat].[localhost].[/]:Initializing Spring embedded WebApplicationContext
""2024-03-10 21:57:11,786 INFO  [main] org.springframework.boot.web.servlet.context.ServletWebServerApplicationContext:Root WebApplicationContext: initialization completed in 3231 ms
""2024-03-10 21:57:12,244 INFO  [main] org.hibernate.jpa.internal.util.LogHelper:HHH000204: Processing PersistenceUnitInfo [name: default]
""2024-03-10 21:57:12,402 INFO  [main] org.hibernate.Version:HHH000412: Hibernate ORM core version 5.6.12.Final
""2024-03-10 21:57:12,819 INFO  [main] org.hibernate.annotations.common.Version:HCANN000001: Hibernate Commons Annotations {5.1.2.Final}
""2024-03-10 21:57:13,122 INFO  [main] com.zaxxer.hikari.HikariDataSource:HikariPool-1 - Starting...
""2024-03-10 21:57:13,576 INFO  [main] com.zaxxer.hikari.HikariDataSource:HikariPool-1 - Start completed.
""2024-03-10 21:57:13,601 INFO  [main] org.hibernate.dialect.Dialect:HHH000400: Using dialect: org.hibernate.dialect.PostgreSQL81Dialect
""2024-03-10 21:57:15,136 INFO  [main] org.hibernate.engine.transaction.jta.platform.internal.JtaPlatformInitiator:HHH000490: Using JtaPlatform implementation: [org.hibernate.engine.transaction.jta.platform.internal.NoJtaPlatform]
""2024-03-10 21:57:15,145 INFO  [main] org.springframework.orm.jpa.LocalContainerEntityManagerFactoryBean:Initialized JPA EntityManagerFactory for persistence unit 'default'
""2024-03-10 21:57:16,563 WARN  [main] org.springframework.boot.autoconfigure.orm.jpa.JpaBaseConfiguration$JpaWebConfiguration:spring.jpa.open-in-view is enabled by default. Therefore, database queries may be performed during view rendering. Explicitly configure spring.jpa.open-in-view to disable this warning
""2024-03-10 21:57:18,323 INFO  [main] org.springframework.security.web.DefaultSecurityFilterChain:Will secure any request with [org.springframework.security.web.session.DisableEncodeUrlFilter@208b8425, org.springframework.security.web.context.request.async.WebAsyncManagerIntegrationFilter@3ec52163, org.springframework.security.web.context.SecurityContextPersistenceFilter@614ae4eb, org.springframework.security.web.header.HeaderWriterFilter@1a56f608, org.springframework.web.filter.CorsFilter@5b1cedfd, org.springframework.security.web.authentication.logout.LogoutFilter@775a5a67, com.project.security.jwt.AuthTokenFilter@19d13d04, org.springframework.security.web.savedrequest.RequestCacheAwareFilter@594f508f, org.springframework.security.web.servletapi.SecurityContextHolderAwareRequestFilter@6b6939e1, org.springframework.security.web.authentication.AnonymousAuthenticationFilter@1fe2c5ad, org.springframework.security.web.session.SessionManagementFilter@52a3eef8, org.springframework.security.web.access.ExceptionTranslationFilter@1fc386f8, org.springframework.security.web.access.intercept.FilterSecurityInterceptor@705dc1a6]
""2024-03-10 21:57:18,936 INFO  [main] org.springframework.boot.web.embedded.tomcat.TomcatWebServer:Tomcat started on port(s): 8080 (http) with context path ''
""2024-03-10 21:57:18,965 INFO  [main] com.project.StudentManagementApplication:Started StudentManagementApplication in 11.182 seconds (JVM running for 12.525)
"